[0.469s] Invoking command in '/home/adrian/control_ws/src/position_control_turtlebot': PYTHONPATH=/home/adrian/control_ws/build/position_control_turtlebot/prefix_override:/usr/lib/python3/dist-packages/colcon_core/task/python/colcon_distutils_commands:/home/adrian/control_ws/install/position_control_turtlebot/lib/python3.10/site-packages:${PYTHONPATH} /usr/bin/python3 -W ignore:setup.py install is deprecated -W ignore:easy_install command is deprecated setup.py egg_info --egg-base ../../build/position_control_turtlebot build --build-base /home/adrian/control_ws/build/position_control_turtlebot/build install --record /home/adrian/control_ws/build/position_control_turtlebot/install.log --single-version-externally-managed install_data
[0.616s] running egg_info
[0.616s] writing ../../build/position_control_turtlebot/position_control_turtlebot.egg-info/PKG-INFO
[0.617s] writing dependency_links to ../../build/position_control_turtlebot/position_control_turtlebot.egg-info/dependency_links.txt
[0.617s] writing entry points to ../../build/position_control_turtlebot/position_control_turtlebot.egg-info/entry_points.txt
[0.617s] writing requirements to ../../build/position_control_turtlebot/position_control_turtlebot.egg-info/requires.txt
[0.617s] writing top-level names to ../../build/position_control_turtlebot/position_control_turtlebot.egg-info/top_level.txt
[0.618s] reading manifest file '../../build/position_control_turtlebot/position_control_turtlebot.egg-info/SOURCES.txt'
[0.619s] writing manifest file '../../build/position_control_turtlebot/position_control_turtlebot.egg-info/SOURCES.txt'
[0.619s] running build
[0.619s] running build_py
[0.619s] running install
[0.620s] running install_lib
[0.621s] running install_data
[0.621s] running install_egg_info
[0.623s] removing '/home/adrian/control_ws/install/position_control_turtlebot/lib/python3.10/site-packages/position_control_turtlebot-0.0.0-py3.10.egg-info' (and everything under it)
[0.623s] Copying ../../build/position_control_turtlebot/position_control_turtlebot.egg-info to /home/adrian/control_ws/install/position_control_turtlebot/lib/python3.10/site-packages/position_control_turtlebot-0.0.0-py3.10.egg-info
[0.624s] running install_scripts
[0.638s] Installing MPC_ControllerExec script to /home/adrian/control_ws/install/position_control_turtlebot/lib/position_control_turtlebot
[0.638s] Installing TurtleBotControllerExec script to /home/adrian/control_ws/install/position_control_turtlebot/lib/position_control_turtlebot
[0.639s] writing list of installed files to '/home/adrian/control_ws/build/position_control_turtlebot/install.log'
[0.656s] Invoked command in '/home/adrian/control_ws/src/position_control_turtlebot' returned '0': PYTHONPATH=/home/adrian/control_ws/build/position_control_turtlebot/prefix_override:/usr/lib/python3/dist-packages/colcon_core/task/python/colcon_distutils_commands:/home/adrian/control_ws/install/position_control_turtlebot/lib/python3.10/site-packages:${PYTHONPATH} /usr/bin/python3 -W ignore:setup.py install is deprecated -W ignore:easy_install command is deprecated setup.py egg_info --egg-base ../../build/position_control_turtlebot build --build-base /home/adrian/control_ws/build/position_control_turtlebot/build install --record /home/adrian/control_ws/build/position_control_turtlebot/install.log --single-version-externally-managed install_data
