running egg_info
writing ../../build/position_control_turtlebot/position_control_turtlebot.egg-info/PKG-INFO
writing dependency_links to ../../build/position_control_turtlebot/position_control_turtlebot.egg-info/dependency_links.txt
writing entry points to ../../build/position_control_turtlebot/position_control_turtlebot.egg-info/entry_points.txt
writing requirements to ../../build/position_control_turtlebot/position_control_turtlebot.egg-info/requires.txt
writing top-level names to ../../build/position_control_turtlebot/position_control_turtlebot.egg-info/top_level.txt
reading manifest file '../../build/position_control_turtlebot/position_control_turtlebot.egg-info/SOURCES.txt'
writing manifest file '../../build/position_control_turtlebot/position_control_turtlebot.egg-info/SOURCES.txt'
running build
running build_py
running install
running install_lib
running install_data
copying config/params.yaml -> /home/adrian/control_ws/install/position_control_turtlebot/share/position_control_turtlebot/config
running install_egg_info
removing '/home/adrian/control_ws/install/position_control_turtlebot/lib/python3.10/site-packages/position_control_turtlebot-0.0.0-py3.10.egg-info' (and everything under it)
Copying ../../build/position_control_turtlebot/position_control_turtlebot.egg-info to /home/adrian/control_ws/install/position_control_turtlebot/lib/python3.10/site-packages/position_control_turtlebot-0.0.0-py3.10.egg-info
running install_scripts
Installing TurtleBotControllerExec script to /home/adrian/control_ws/install/position_control_turtlebot/lib/position_control_turtlebot
writing list of installed files to '/home/adrian/control_ws/build/position_control_turtlebot/install.log'
